<?xml version="1.0" encoding="utf-8"?><testsuites name="pytest tests"><testsuite name="pytest" errors="0" failures="2" skipped="0" tests="19" time="167.862" timestamp="2026-06-16T04:18:11.803537+00:00" hostname="agent-env-481e0d79-04a9-40cc-bd17-444f835cb810"><testcase classname="backend.tests.test_iter4_pin_explanations.TestPinAuth" name="test_pin_login_default" time="0.454" /><testcase classname="backend.tests.test_iter4_pin_explanations.TestPinAuth" name="test_pin_login_wrong_pin_401" time="0.328" /><testcase classname="backend.tests.test_iter4_pin_explanations.TestPinAuth" name="test_change_pin_and_revert" time="2.469" /><testcase classname="backend.tests.test_iter4_pin_explanations.TestPinAuth" name="test_change_pin_wrong_current" time="0.270" /><testcase classname="backend.tests.test_iter4_pin_explanations.TestBackCompat" name="test_profile_get" time="0.048" /><testcase classname="backend.tests.test_iter4_pin_explanations.TestBackCompat" name="test_dashboard_stats" time="0.052" /><testcase classname="backend.tests.test_iter4_pin_explanations.TestBackCompat" name="test_tts_works" time="1.365" /><testcase classname="backend.tests.test_iter4_pin_explanations.TestWritingGeneratePrompt" name="test_generate_prompt_task2" time="7.274" /><testcase classname="backend.tests.test_iter4_pin_explanations.TestWritingGeneratePrompt" name="test_generate_prompt_task1" time="11.207" /><testcase classname="backend.tests.test_iter4_pin_explanations.TestWritingGeneratePrompt" name="test_generate_prompt_invalid_task" time="0.046" /><testcase classname="backend.tests.test_iter4_pin_explanations.TestListeningExplanations" name="test_generate_no_answer_no_explanation_leak" time="60.171" /><testcase classname="backend.tests.test_iter4_pin_explanations.TestListeningExplanations" name="test_list_endpoint_leak_check" time="0.064"><failure message="AssertionError: BUG: explanation leaked in /listening/tests list endpoint&#10;assert 'explanation' not in {'explanation': &quot;The caller states 'I'd like to book a yoga class' in the opening exchange. This tests direct information recognition at the beginning of the conversation.&quot;, 'options': ['A. Pilates', 'B. Yoga', 'C. Aerobics'], 'q_number': 1, 'question': 'What type of class does the caller want to book?'}">backend/tests/test_iter4_pin_explanations.py:169: in test_list_endpoint_leak_check
    assert "explanation" not in q, "BUG: explanation leaked in /listening/tests list endpoint"
E   AssertionError: BUG: explanation leaked in /listening/tests list endpoint
E   assert 'explanation' not in {'explanation': "The caller states 'I'd like to book a yoga class' in the opening exchange. This tests direct information recognition at the beginning of the conversation.", 'options': ['A. Pilates', 'B. Yoga', 'C. Aerobics'], 'q_number': 1, 'question': 'What type of class does the caller want to book?'}</failure></testcase><testcase classname="backend.tests.test_iter4_pin_explanations.TestListeningExplanations" name="test_detail_endpoint_also_hides" time="0.049" /><testcase classname="backend.tests.test_iter4_pin_explanations.TestListeningExplanations" name="test_submit_returns_explanations" time="0.055" /><testcase classname="backend.tests.test_iter4_pin_explanations.TestReadingExplanations" name="test_generate_no_leak" time="47.546" /><testcase classname="backend.tests.test_iter4_pin_explanations.TestReadingExplanations" name="test_reading_list_leak_check" time="0.061"><failure message="AssertionError: BUG: explanation leaked in /reading/passages list endpoint&#10;assert 'explanation' not in {'explanation': &quot;Paragraph 2 states 'Galileo famously faced persecution from the Catholic Church for supporting heliocentrism' but does not specify whether this persecution included imprisonment. T/F/NG tip: 'persecution' is mentioned but the specific form (imprisonment) is not stated, making this Not Given. If details are absent, don't assume.&quot;, 'options': ['True', 'False', 'Not Given'], 'q_number': 1, 'question': 'True/False/Not Given: Galileo Galilei was imprisoned by the Catholic Church for his scientific beliefs.'}">backend/tests/test_iter4_pin_explanations.py:231: in test_reading_list_leak_check
    assert "explanation" not in q, "BUG: explanation leaked in /reading/passages list endpoint"
E   AssertionError: BUG: explanation leaked in /reading/passages list endpoint
E   assert 'explanation' not in {'explanation': "Paragraph 2 states 'Galileo famously faced persecution from the Catholic Church for supporting heliocentrism' but does not specify whether this persecution included imprisonment. T/F/NG tip: 'persecution' is mentioned but the specific form (imprisonment) is not stated, making this Not Given. If details are absent, don't assume.", 'options': ['True', 'False', 'Not Given'], 'q_number': 1, 'question': 'True/False/Not Given: Galileo Galilei was imprisoned by the Catholic Church for his scientific beliefs.'}</failure></testcase><testcase classname="backend.tests.test_iter4_pin_explanations.TestReadingExplanations" name="test_submit_returns_explanations" time="0.074" /><testcase classname="backend.tests.test_iter4_pin_explanations.TestPainPoints" name="test_shape" time="0.050" /><testcase classname="backend.tests.test_iter4_pin_explanations.TestPainPoints" name="test_weakest_has_tip_after_data" time="36.198" /></testsuite></testsuites>