<?xml version="1.0" encoding="utf-8"?><testsuites name="pytest tests"><testsuite name="pytest" errors="0" failures="0" skipped="0" tests="5" time="32.991" timestamp="2026-06-16T05:01:58.266273+00:00" hostname="agent-env-481e0d79-04a9-40cc-bd17-444f835cb810"><testcase classname="backend.tests.test_iter7_recap" name="test_recap_this_week_generates" time="0.621" /><testcase classname="backend.tests.test_iter7_recap" name="test_recap_this_week_cached_returns_fast" time="0.133" /><testcase classname="backend.tests.test_iter7_recap" name="test_recap_history_after_generation" time="0.099" /><testcase classname="backend.tests.test_iter7_recap" name="test_recap_regenerate" time="31.154" /><testcase classname="backend.tests.test_iter7_recap" name="test_existing_endpoints_still_work" time="0.962" /></testsuite></testsuites>