<?xml version="1.0" encoding="utf-8"?><testsuites name="pytest tests"><testsuite name="pytest" errors="0" failures="0" skipped="0" tests="13" time="66.470" timestamp="2026-06-16T04:49:43.588791+00:00" hostname="agent-env-481e0d79-04a9-40cc-bd17-444f835cb810"><testcase classname="backend.tests.test_iter6_badges_reminder.TestProfileReminder" name="test_profile_has_reminder_fields" time="0.581" /><testcase classname="backend.tests.test_iter6_badges_reminder.TestProfileReminder" name="test_put_profile_persists_reminder" time="0.094" /><testcase classname="backend.tests.test_iter6_badges_reminder.TestProfileReminder" name="test_put_profile_reminder_off" time="0.048" /><testcase classname="backend.tests.test_iter6_badges_reminder.TestBadges" name="test_shape" time="0.050" /><testcase classname="backend.tests.test_iter6_badges_reminder.TestBadges" name="test_badge_fields" time="0.000" /><testcase classname="backend.tests.test_iter6_badges_reminder.TestBadges" name="test_expected_badge_ids" time="0.000" /><testcase classname="backend.tests.test_iter6_badges_reminder.TestBadges" name="test_counters_present" time="0.000" /><testcase classname="backend.tests.test_iter6_badges_reminder.TestBadges" name="test_xp_100_earned_with_existing_data" time="0.000" /><testcase classname="backend.tests.test_iter6_badges_reminder.TestWriter5Unlock" name="test_unlock_writer_5" time="65.472" /><testcase classname="backend.tests.test_iter6_badges_reminder.TestBackCompat" name="test_drill_streak" time="0.049" /><testcase classname="backend.tests.test_iter6_badges_reminder.TestBackCompat" name="test_listening_tests_no_leak" time="0.056" /><testcase classname="backend.tests.test_iter6_badges_reminder.TestBackCompat" name="test_reading_passages_no_leak" time="0.053" /><testcase classname="backend.tests.test_iter6_badges_reminder.TestBackCompat" name="test_pain_points" time="0.047" /></testsuite></testsuites>