<?xml version="1.0" encoding="utf-8"?><testsuites name="pytest tests"><testsuite name="pytest" errors="0" failures="0" skipped="1" tests="14" time="1.684" timestamp="2026-06-16T04:39:33.952377+00:00" hostname="agent-env-481e0d79-04a9-40cc-bd17-444f835cb810"><testcase classname="backend.tests.test_iter5_drill.TestDrillStreakInitial" name="test_streak_shape" time="0.639" /><testcase classname="backend.tests.test_iter5_drill.TestDrillToday" name="test_get_today_generates_or_returns_existing" time="0.049" /><testcase classname="backend.tests.test_iter5_drill.TestDrillToday" name="test_second_call_returns_same_drill_cached" time="0.049" /><testcase classname="backend.tests.test_iter5_drill.TestDrillComplete" name="test_get_drill_for_completion" time="0.046" /><testcase classname="backend.tests.test_iter5_drill.TestDrillComplete" name="test_complete_item_0_adds_xp" time="0.000"><skipped type="pytest.skip" message="item 0 already completed in previous run; cannot retest idempotent add">/app/backend/tests/test_iter5_drill.py:126: item 0 already completed in previous run; cannot retest idempotent add</skipped></testcase><testcase classname="backend.tests.test_iter5_drill.TestDrillComplete" name="test_complete_item_0_idempotent" time="0.092" /><testcase classname="backend.tests.test_iter5_drill.TestDrillComplete" name="test_complete_all_items_and_bonus" time="0.138" /><testcase classname="backend.tests.test_iter5_drill.TestStreakAfterCompletion" name="test_streak_today_done" time="0.045" /><testcase classname="backend.tests.test_iter5_drill.TestDrillHistory" name="test_history_contains_drill" time="0.045" /><testcase classname="backend.tests.test_iter5_drill.TestBackCompatNoExplanationLeak" name="test_listening_tests_no_explanation_leak" time="0.067" /><testcase classname="backend.tests.test_iter5_drill.TestBackCompatNoExplanationLeak" name="test_reading_passages_no_explanation_leak" time="0.057" /><testcase classname="backend.tests.test_iter5_drill.TestBackCompatNoExplanationLeak" name="test_pin_login_still_works" time="0.338" /><testcase classname="backend.tests.test_iter5_drill.TestBackCompatNoExplanationLeak" name="test_dashboard_stats" time="0.052" /><testcase classname="backend.tests.test_iter5_drill.TestBackCompatNoExplanationLeak" name="test_dashboard_pain_points" time="0.048" /></testsuite></testsuites>