<?xml version="1.0" encoding="utf-8"?><testsuites name="pytest tests"><testsuite name="pytest" errors="0" failures="0" skipped="0" tests="28" time="115.967" timestamp="2026-06-16T03:27:09.974379+00:00" hostname="agent-env-481e0d79-04a9-40cc-bd17-444f835cb810"><testcase classname="backend.tests.test_backend_e2e.TestHealth" name="test_root_ok" time="0.130" /><testcase classname="backend.tests.test_backend_e2e.TestAuth" name="test_signup_returns_token_and_user" time="0.273" /><testcase classname="backend.tests.test_backend_e2e.TestAuth" name="test_signup_duplicate_returns_400" time="0.043" /><testcase classname="backend.tests.test_backend_e2e.TestAuth" name="test_login_success" time="0.267" /><testcase classname="backend.tests.test_backend_e2e.TestAuth" name="test_login_wrong_password_returns_401" time="0.266" /><testcase classname="backend.tests.test_backend_e2e.TestAuth" name="test_me_with_token" time="0.101" /><testcase classname="backend.tests.test_backend_e2e.TestAuth" name="test_me_without_token_401" time="0.120" /><testcase classname="backend.tests.test_backend_e2e.TestProfile" name="test_default_profile" time="0.047" /><testcase classname="backend.tests.test_backend_e2e.TestProfile" name="test_update_profile" time="0.088" /><testcase classname="backend.tests.test_backend_e2e.TestSpeaking" name="test_topics" time="0.044" /><testcase classname="backend.tests.test_backend_e2e.TestSpeaking" name="test_start_speaking_session" time="2.584" /><testcase classname="backend.tests.test_backend_e2e.TestSpeaking" name="test_speaking_turn" time="1.409" /><testcase classname="backend.tests.test_backend_e2e.TestSpeaking" name="test_speaking_finish" time="7.300" /><testcase classname="backend.tests.test_backend_e2e.TestSpeaking" name="test_speaking_sessions_list" time="0.064" /><testcase classname="backend.tests.test_backend_e2e.TestWriting" name="test_prompts" time="0.043" /><testcase classname="backend.tests.test_backend_e2e.TestWriting" name="test_submit_writing" time="19.655" /><testcase classname="backend.tests.test_backend_e2e.TestWriting" name="test_submit_writing_too_short" time="0.046" /><testcase classname="backend.tests.test_backend_e2e.TestWriting" name="test_upload_txt" time="0.161" /><testcase classname="backend.tests.test_backend_e2e.TestListening" name="test_generate_listening_test" time="47.122" /><testcase classname="backend.tests.test_backend_e2e.TestListening" name="test_list_tests_hides_answers" time="0.119" /><testcase classname="backend.tests.test_backend_e2e.TestListening" name="test_submit_listening" time="0.046" /><testcase classname="backend.tests.test_backend_e2e.TestReading" name="test_generate_reading" time="32.852" /><testcase classname="backend.tests.test_backend_e2e.TestReading" name="test_submit_reading" time="0.054" /><testcase classname="backend.tests.test_backend_e2e.TestAudio" name="test_tts_returns_mp3" time="1.579" /><testcase classname="backend.tests.test_backend_e2e.TestAudio" name="test_tts_empty_text" time="0.047" /><testcase classname="backend.tests.test_backend_e2e.TestAudio" name="test_stt_endpoint_wired" time="1.334" /><testcase classname="backend.tests.test_backend_e2e.TestAudio" name="test_stt_requires_auth" time="0.100" /><testcase classname="backend.tests.test_backend_e2e.TestDashboard" name="test_stats_shape" time="0.045" /></testsuite></testsuites>